
synthesis -f "RGBLED_impl1_lattice.synproj"
synthesis:  version Diamond (64-bit) 3.12.0.240.2

Copyright (c) 1991-1994 by NeoCAD Inc. All rights reserved.
Copyright (c) 1995 AT&T Corp.   All rights reserved.
Copyright (c) 1995-2001 Lucent Technologies Inc.  All rights reserved.
Copyright (c) 2001 Agere Systems   All rights reserved.
Copyright (c) 2002-2020 Lattice Semiconductor Corporation,  All rights reserved.
Wed Oct 19 21:03:20 2022


Command Line:  synthesis -f RGBLED_impl1_lattice.synproj -gui 

    <postMsg mid="35002000" type="Info"    dynamic="0" navigation="0"  />
Synthesis options:
The -a option is MachXO2.
The -s option is 4.
The -t option is CSBGA132.
The -d option is LCMXO2-4000HC.
Using package CSBGA132.
Using performance grade 4.
                                                          

##########################################################

### Lattice Family : MachXO2

### Device  : LCMXO2-4000HC

### Package : CSBGA132

### Speed   : 4

##########################################################

                                                          

    <postMsg mid="35001781" type="Info"    dynamic="0" navigation="0"  />
Optimization goal = Balanced
The -top option is not used.
Target frequency = 200.000000 MHz.
Maximum fanout = 1000.
Timing path count = 3
BRAM utilization = 100.000000 %
DSP usage = true
DSP utilization = 100.000000 %
fsm_encoding_style = auto
resolve_mixed_drivers = 0
fix_gated_clocks = 1

Mux style = Auto
Use Carry Chain = true
carry_chain_length = 0
Loop Limit = 1950.
Use IO Insertion = TRUE
Use IO Reg = AUTO

Resource Sharing = TRUE
Propagate Constants = TRUE
Remove Duplicate Registers = TRUE
force_gsr = auto
ROM style = auto
RAM style = auto
The -comp option is FALSE.
The -syn option is FALSE.
-p E:/lattice_fpga/RGBLED (searchpath added)
-p D:/lscc/diamond/3.12/ispfpga/xo2c00/data (searchpath added)
-p E:/lattice_fpga/RGBLED/impl1 (searchpath added)
-p E:/lattice_fpga/RGBLED (searchpath added)
Verilog design file = E:/lattice_fpga/RGBLED/RGBLED.v
NGD file = RGBLED_impl1.ngd
-sdc option: SDC file input not used.
-lpf option: Output file option is ON.
Hardtimer checking is enabled (default). The -dt option is not used.
The -r option is OFF. [ Remove LOC Properties is OFF. ]
    <postMsg mid="35001200" type="Warning" dynamic="1" navigation="0" arg0="RGBLED"  />
Technology check ok...

Analyzing Verilog file D:/lscc/diamond/3.12/ispfpga/userware/NT/SYNTHESIS_HEADERS/machxo2.v. VERI-1482
Compile design.
Compile Design Begin
Analyzing Verilog file e:/lattice_fpga/rgbled/rgbled.v. VERI-1482
Analyzing Verilog file D:/lscc/diamond/3.12/ispfpga/userware/NT/SYNTHESIS_HEADERS/machxo2.v. VERI-1482
Top module name (Verilog): RGBLED
    <postMsg mid="35901018" type="Info"    dynamic="2" navigation="2" arg0="e:/lattice_fpga/rgbled/rgbled.v(1): " arg1="RGBLED" arg2="e:/lattice_fpga/rgbled/rgbled.v" arg3="1"  />
Last elaborated design is RGBLED()
Loading NGL library 'D:/lscc/diamond/3.12/ispfpga/xo2c00a/data/xo2alib.ngl'...
Loading NGL library 'D:/lscc/diamond/3.12/ispfpga/xo2c00/data/xo2clib.ngl'...
Loading NGL library 'D:/lscc/diamond/3.12/ispfpga/mg5g00/data/mg5glib.ngl'...
Loading NGL library 'D:/lscc/diamond/3.12/ispfpga/or5g00/data/orc5glib.ngl'...
Loading device for application map from file 'xo2c4000.nph' in environment: D:/lscc/diamond/3.12/ispfpga.
Package Status:                     Final          Version 1.44.
Top-level module name = RGBLED.
    <postMsg mid="35002005" type="Warning" dynamic="1" navigation="0" arg0="sw[2]"  />
    <postMsg mid="35002005" type="Warning" dynamic="1" navigation="0" arg0="sw[1]"  />
    <postMsg mid="35002005" type="Warning" dynamic="1" navigation="0" arg0="sw[0]"  />
    <postMsg mid="35002005" type="Warning" dynamic="1" navigation="0" arg0="led[2]"  />
    <postMsg mid="35002005" type="Warning" dynamic="1" navigation="0" arg0="led[1]"  />
    <postMsg mid="35002005" type="Warning" dynamic="1" navigation="0" arg0="led[0]"  />



    <postMsg mid="35002005" type="Warning" dynamic="1" navigation="0" arg0="sw[2]"  />
    <postMsg mid="35002005" type="Warning" dynamic="1" navigation="0" arg0="sw[1]"  />
    <postMsg mid="35002005" type="Warning" dynamic="1" navigation="0" arg0="sw[0]"  />
    <postMsg mid="35002005" type="Warning" dynamic="1" navigation="0" arg0="led[2]"  />
    <postMsg mid="35002005" type="Warning" dynamic="1" navigation="0" arg0="led[1]"  />
    <postMsg mid="35002005" type="Warning" dynamic="1" navigation="0" arg0="led[0]"  />
GSR will not be inferred because no asynchronous signal was found in the netlist.
Applying 200.000000 MHz constraint to all clocks

    <postMsg mid="35001611" type="Warning" dynamic="0" navigation="0"  />
Results of NGD DRC are available in RGBLED_drc.log.
Loading NGL library 'D:/lscc/diamond/3.12/ispfpga/xo2c00a/data/xo2alib.ngl'...
Loading NGL library 'D:/lscc/diamond/3.12/ispfpga/xo2c00/data/xo2clib.ngl'...
Loading NGL library 'D:/lscc/diamond/3.12/ispfpga/mg5g00/data/mg5glib.ngl'...
Loading NGL library 'D:/lscc/diamond/3.12/ispfpga/or5g00/data/orc5glib.ngl'...


Running DRC...

    <postMsg mid="1166052" type="Warning" dynamic="2" navigation="1" arg0="logical" arg1="GND_net" arg2="GND_net"  />
    <postMsg mid="1163101" type="Warning" dynamic="1" navigation="0" arg0="1"  />

Design Results:
     10 blocks expanded
completed the first expansion
All blocks are expanded and NGD expansion is successful.
Writing NGD file RGBLED_impl1.ngd.

################### Begin Area Report (RGBLED)######################
Number of register bits => 0 of 4635 (0 % )
GSR => 1
IB => 3
OB => 3
################### End Area Report ##################

################### Begin BlackBox Report ######################
TSALL => 1
################### End BlackBox Report ##################

################### Begin Clock Report ######################
Clock Nets
Number of Clocks: 0
Clock Enable Nets
Number of Clock Enables: 0
Top 0 highest fanout Clock Enables:
Highest fanout non-clock nets
Top 10 highest fanout non-clock nets:
  Net : led_c_2_c, loads : 1
  Net : led_c_1_c, loads : 1
  Net : led_c_0_c, loads : 1
  Net : led[2], loads : 0
  Net : led[1], loads : 0
  Net : led[0], loads : 0
################### End Clock Report ##################

Peak Memory Usage: 54.988  MB

--------------------------------------------------------------
Elapsed CPU time for LSE flow : 0.234  secs
--------------------------------------------------------------

map -a "MachXO2" -p LCMXO2-4000HC -t CSBGA132 -s 4 -oc Commercial   "RGBLED_impl1.ngd" -o "RGBLED_impl1_map.ncd" -pr "RGBLED_impl1.prf" -mp "RGBLED_impl1.mrp" -lpf "E:/lattice_fpga/RGBLED/impl1/RGBLED_impl1.lpf" -lpf "E:/lattice_fpga/RGBLED/RGBLED.lpf"  -c 0           
map:  version Diamond (64-bit) 3.12.0.240.2

Copyright (c) 1991-1994 by NeoCAD Inc. All rights reserved.
Copyright (c) 1995 AT&T Corp.   All rights reserved.
Copyright (c) 1995-2001 Lucent Technologies Inc.  All rights reserved.
Copyright (c) 2001 Agere Systems   All rights reserved.
Copyright (c) 2002-2020 Lattice Semiconductor Corporation,  All rights reserved.
   Process the file: RGBLED_impl1.ngd
   Picdevice="LCMXO2-4000HC"

   Pictype="CSBGA132"

   Picspeed=4

   Remove unused logic

   Do not produce over sized NCDs.

Part used: LCMXO2-4000HCCSBGA132, Performance used: 4.

Loading device for application map from file 'xo2c4000.nph' in environment: D:/lscc/diamond/3.12/ispfpga.
Package Status:                     Final          Version 1.44.

Running general design DRC...

Removing unused logic...

Optimizing...




Design Summary:
   Number of registers:      0 out of  4635 (0%)
      PFU registers:            0 out of  4320 (0%)
      PIO registers:            0 out of   315 (0%)
   Number of SLICEs:         0 out of  2160 (0%)
      SLICEs as Logic/ROM:      0 out of  2160 (0%)
      SLICEs as RAM:            0 out of  1620 (0%)
      SLICEs as Carry:          0 out of  2160 (0%)
   Number of LUT4s:          0 out of  4320 (0%)
      Number used as logic LUTs:          0
      Number used as distributed RAM:     0
      Number used as ripple logic:        0
      Number used as shift registers:     0
   Number of PIO sites used: 6 + 4(JTAG) out of 105 (10%)
   Number of block RAMs:  0 out of 10 (0%)
   Number of GSRs:        0 out of 1 (0%)
   EFB used :        No
   JTAG used :       No
   Readback used :   No
   Oscillator used : No
   Startup used :    No
   POR :             On
   Bandgap :         On
   Number of Power Controller:  0 out of 1 (0%)
   Number of Dynamic Bank Controller (BCINRD):  0 out of 6 (0%)
   Number of Dynamic Bank Controller (BCLVDSO):  0 out of 1 (0%)
   Number of DCCA:  0 out of 8 (0%)
   Number of DCMA:  0 out of 2 (0%)
   Number of PLLs:  0 out of 2 (0%)
   Number of DQSDLLs:  0 out of 2 (0%)
   Number of CLKDIVC:  0 out of 4 (0%)
   Number of ECLKSYNCA:  0 out of 4 (0%)
   Number of ECLKBRIDGECS:  0 out of 2 (0%)
   Notes:-
      1. Total number of LUT4s = (Number of logic LUT4s) + 2*(Number of distributed RAMs) + 2*(Number of ripple logic)
      2. Number of logic LUT4s does not include count of distributed RAM and ripple logic.
   Number of clocks:  0
   Number of Clock Enables:  0
   Number of LSRs:  0
   Number of nets driven by tri-state buffers:  0
   Top 10 highest fanout non-clock nets:
     Net led_c_0_c: 1 loads
     Net led_c_1_c: 1 loads
     Net led_c_2_c: 1 loads
 

   Number of warnings:  0
   Number of errors:    0



Total CPU Time: 0 secs  
Total REAL Time: 0 secs  
Peak Memory Usage: 49 MB

Dumping design to file RGBLED_impl1_map.ncd.

ncd2vdb "RGBLED_impl1_map.ncd" ".vdbs/RGBLED_impl1_map.vdb"

Loading device for application ncd2vdb from file 'xo2c4000.nph' in environment: D:/lscc/diamond/3.12/ispfpga.

trce -f "RGBLED_impl1.mt" -o "RGBLED_impl1.tw1" "RGBLED_impl1_map.ncd" "RGBLED_impl1.prf"
trce:  version Diamond (64-bit) 3.12.0.240.2

Copyright (c) 1991-1994 by NeoCAD Inc. All rights reserved.
Copyright (c) 1995 AT&T Corp.   All rights reserved.
Copyright (c) 1995-2001 Lucent Technologies Inc.  All rights reserved.
Copyright (c) 2001 Agere Systems   All rights reserved.
Copyright (c) 2002-2020 Lattice Semiconductor Corporation,  All rights reserved.

Loading design for application trce from file rgbled_impl1_map.ncd.
Design name: RGBLED
NCD version: 3.3
Vendor:      LATTICE
Device:      LCMXO2-4000HC
Package:     CSBGA132
Performance: 4
Loading device for application trce from file 'xo2c4000.nph' in environment: D:/lscc/diamond/3.12/ispfpga.
Package Status:                     Final          Version 1.44.
Performance Hardware Data Status:   Final          Version 34.4.
Setup and Hold Report

--------------------------------------------------------------------------------
Lattice TRACE Report - Setup, Version Diamond (64-bit) 3.12.0.240.2
Wed Oct 19 21:03:21 2022

Copyright (c) 1991-1994 by NeoCAD Inc. All rights reserved.
Copyright (c) 1995 AT&T Corp.   All rights reserved.
Copyright (c) 1995-2001 Lucent Technologies Inc.  All rights reserved.
Copyright (c) 2001 Agere Systems   All rights reserved.
Copyright (c) 2002-2020 Lattice Semiconductor Corporation,  All rights reserved.

Report Information
------------------
Command line:    trce -v 1 -gt -mapchkpnt 0 -sethld -o RGBLED_impl1.tw1 -gui RGBLED_impl1_map.ncd RGBLED_impl1.prf 
Design file:     rgbled_impl1_map.ncd
Preference file: rgbled_impl1.prf
Device,speed:    LCMXO2-4000HC,4
Report level:    verbose report, limited to 1 item per preference
--------------------------------------------------------------------------------

BLOCK ASYNCPATHS
BLOCK RESETPATHS
--------------------------------------------------------------------------------



Timing summary (Setup):
---------------

Timing errors: 0  Score: 0
Cumulative negative slack: 0

Constraints cover 3 paths, 3 nets, and 3 connections (100.00% coverage)

--------------------------------------------------------------------------------

Total CPU Time: 0 secs 
Total REAL Time: 0 secs 
Peak Memory Usage: 55 MB


ldbanno "RGBLED_impl1_map.ncd" -n Verilog -o "RGBLED_impl1_mapvo.vo" -w -neg
ldbanno: version Diamond (64-bit) 3.12.0.240.2
Copyright (c) 1991-1994 by NeoCAD Inc. All rights reserved.
Copyright (c) 1995 AT&T Corp.   All rights reserved.
Copyright (c) 1995-2001 Lucent Technologies Inc.  All rights reserved.
Copyright (c) 2001 Agere Systems   All rights reserved.
Copyright (c) 2002-2020 Lattice Semiconductor Corporation,  All rights reserved.

Writing a Verilog netlist using the orca library type based on the RGBLED_impl1_map design file.


Loading design for application ldbanno from file RGBLED_impl1_map.ncd.
Design name: RGBLED
NCD version: 3.3
Vendor:      LATTICE
Device:      LCMXO2-4000HC
Package:     CSBGA132
Performance: 4
Loading device for application ldbanno from file 'xo2c4000.nph' in environment: D:/lscc/diamond/3.12/ispfpga.
Package Status:                     Final          Version 1.44.
Performance Hardware Data Status:   Final          Version 34.4.
Converting design RGBLED_impl1_map.ncd into .ldb format.
Writing Verilog netlist to file RGBLED_impl1_mapvo.vo
Writing SDF timing to file RGBLED_impl1_mapvo.sdf
    <postMsg mid="35400250" type="Info"    dynamic="1" navigation="0" arg0="0"  />
Total CPU Time: 0 secs 
Total REAL Time: 0 secs 
Peak Memory Usage: 47 MB

ldbanno "RGBLED_impl1_map.ncd" -n VHDL -o "RGBLED_impl1_mapvho.vho" -w -neg
ldbanno: version Diamond (64-bit) 3.12.0.240.2
Copyright (c) 1991-1994 by NeoCAD Inc. All rights reserved.
Copyright (c) 1995 AT&T Corp.   All rights reserved.
Copyright (c) 1995-2001 Lucent Technologies Inc.  All rights reserved.
Copyright (c) 2001 Agere Systems   All rights reserved.
Copyright (c) 2002-2020 Lattice Semiconductor Corporation,  All rights reserved.

Writing a VHDL netlist using the orca library type based on the RGBLED_impl1_map design file.


Loading design for application ldbanno from file RGBLED_impl1_map.ncd.
Design name: RGBLED
NCD version: 3.3
Vendor:      LATTICE
Device:      LCMXO2-4000HC
Package:     CSBGA132
Performance: 4
Loading device for application ldbanno from file 'xo2c4000.nph' in environment: D:/lscc/diamond/3.12/ispfpga.
Package Status:                     Final          Version 1.44.
Performance Hardware Data Status:   Final          Version 34.4.
Converting design RGBLED_impl1_map.ncd into .ldb format.
Writing VHDL netlist to file RGBLED_impl1_mapvho.vho
Writing SDF timing to file RGBLED_impl1_mapvho.sdf
    <postMsg mid="35400250" type="Info"    dynamic="1" navigation="0" arg0="0"  />
Total CPU Time: 0 secs 
Total REAL Time: 0 secs 
Peak Memory Usage: 47 MB

mpartrce -p "RGBLED_impl1.p2t" -f "RGBLED_impl1.p3t" -tf "RGBLED_impl1.pt" "RGBLED_impl1_map.ncd" "RGBLED_impl1.ncd"

---- MParTrce Tool ----
Removing old design directory at request of -rem command line option to this program.
Running par. Please wait . . .

Lattice Place and Route Report for Design "RGBLED_impl1_map.ncd"
Wed Oct 19 21:03:22 2022

PAR: Place And Route Diamond (64-bit) 3.12.0.240.2.
Command Line: par -w -l 5 -i 6 -t 1 -c 0 -e 0 -gui -exp parUseNBR=1:parCDP=0:parCDR=0:parPathBased=OFF:parASE=1 RGBLED_impl1_map.ncd RGBLED_impl1.dir/5_1.ncd RGBLED_impl1.prf
Preference file: RGBLED_impl1.prf.
Placement level-cost: 5-1.
Routing Iterations: 6

Loading design for application par from file RGBLED_impl1_map.ncd.
Design name: RGBLED
NCD version: 3.3
Vendor:      LATTICE
Device:      LCMXO2-4000HC
Package:     CSBGA132
Performance: 4
Loading device for application par from file 'xo2c4000.nph' in environment: D:/lscc/diamond/3.12/ispfpga.
Package Status:                     Final          Version 1.44.
Performance Hardware Data Status:   Final          Version 34.4.
License checked out.


Ignore Preference Error(s):  True
Device utilization summary:

   PIO (prelim)    6+4(JTAG)/280     4% used
                   6+4(JTAG)/105     10% bonded

   SLICE              0/2160          0% used



Number of Signals: 3
Number of Connections: 3

Pin Constraint Summary:
   6 out of 6 pins locked (100% locked).

No signal is selected as primary clock.


No signal is selected as secondary clock.

No signal is selected as Global Set/Reset.
Starting Placer Phase 0.

Finished Placer Phase 0.  REAL time: 0 secs 

Starting Placer Phase 1.

Placer score = 2880.
Finished Placer Phase 1.  REAL time: 0 secs 

Starting Placer Phase 2.
.
Placer score =  2880
Finished Placer Phase 2.  REAL time: 0 secs 


------------------ Clock Report ------------------

Global Clock Resources:
  CLK_PIN    : 0 out of 8 (0%)
  PLL        : 0 out of 2 (0%)
  DCM        : 0 out of 2 (0%)
  DCC        : 0 out of 8 (0%)

Global Clocks:

  PRIMARY  : 0 out of 8 (0%)
  SECONDARY: 0 out of 8 (0%)

Edge Clocks:
  No edge clock selected.

--------------- End of Clock Report ---------------


I/O Usage Summary (final):
   6 + 4(JTAG) out of 280 (3.6%) PIO sites used.
   6 + 4(JTAG) out of 105 (9.5%) bonded PIO sites used.
   Number of PIO comps: 6; differential: 0.
   Number of Vref pins used: 0.

I/O Bank Usage Summary:
+----------+---------------+------------+-----------+
| I/O Bank | Usage         | Bank Vccio | Bank Vref |
+----------+---------------+------------+-----------+
| 0        | 0 / 26 (  0%) | -          | -         |
| 1        | 0 / 26 (  0%) | -          | -         |
| 2        | 5 / 28 ( 17%) | 2.5V       | -         |
| 3        | 1 / 7 ( 14%)  | 2.5V       | -         |
| 4        | 0 / 8 (  0%)  | -          | -         |
| 5        | 0 / 10 (  0%) | -          | -         |
+----------+---------------+------------+-----------+

Total placer CPU time: 0 secs 

Dumping design to file RGBLED_impl1.dir/5_1.ncd.


-----------------------------------------------------------------
INFO - par: ASE feature is off due to non timing-driven settings.  
-----------------------------------------------------------------

0 connections routed; 3 unrouted.
Starting router resource preassignment

Completed router resource preassignment. Real time: 0 secs 

Start NBR router at 21:03:23 10/19/22

*****************************************************************
Info: NBR allows conflicts(one node used by more than one signal)
      in the earlier iterations. In each iteration, it tries to  
      solve the conflicts while keeping the critical connections 
      routed as short as possible. The routing process is said to
      be completed when no conflicts exist and all connections   
      are routed.                                                
Note: NBR uses a different method to calculate timing slacks. The
      worst slack and total negative slack may not be the same as
      that in TRCE report. You should always run TRCE to verify  
      your design.                                               
*****************************************************************

Start NBR special constraint process at 21:03:23 10/19/22

Start NBR section for initial routing at 21:03:23 10/19/22
Level 4, iteration 1
0(0.00%) conflict; 0(0.00%) untouched conn; 0 (nbr) score; real time: 0 secs 

Info: Initial congestion level at 75% usage is 0
Info: Initial congestion area  at 75% usage is 0 (0.00%)

Start NBR section for normal routing at 21:03:23 10/19/22
Level 4, iteration 1
0(0.00%) conflict; 0(0.00%) untouched conn; 0 (nbr) score; real time: 0 secs 

Start NBR section for re-routing at 21:03:23 10/19/22
Level 4, iteration 1
0(0.00%) conflict; 0(0.00%) untouched conn; 0 (nbr) score; real time: 0 secs 

Start NBR section for post-routing at 21:03:23 10/19/22

End NBR router with 0 unrouted connection

NBR Summary
-----------
  Number of unrouted connections : 0 (0.00%)
  Number of connections with timing violations : 0 (0.00%)
  Estimated worst slack<setup> : <n/a>
  Timing score<setup> : 0
-----------
Notes: The timing info is calculated for SETUP only and all PAR_ADJs are ignored.



Total CPU time 0 secs 
Total REAL time: 0 secs 
Completely routed.
End of route.  3 routed (100.00%); 0 unrouted.

Hold time timing score: 0, hold timing errors: 0

Timing score: 0 

Dumping design to file RGBLED_impl1.dir/5_1.ncd.


PAR_SUMMARY::Run status = Completed
PAR_SUMMARY::Number of unrouted conns = 0
PAR_SUMMARY::Worst  slack<setup/<ns>> = <n/a>
PAR_SUMMARY::Timing score<setup/<ns>> = <n/a>
PAR_SUMMARY::Worst  slack<hold /<ns>> = <n/a>
PAR_SUMMARY::Timing score<hold /<ns>> = <n/a>
PAR_SUMMARY::Number of errors = 0

Total CPU  time to completion: 1 secs 
Total REAL time to completion: 0 secs 

par done!

Note: user must run 'Trace' for timing closure signoff.

Copyright (c) 1991-1994 by NeoCAD Inc. All rights reserved.
Copyright (c) 1995 AT&T Corp.   All rights reserved.
Copyright (c) 1995-2001 Lucent Technologies Inc.  All rights reserved.
Copyright (c) 2001 Agere Systems   All rights reserved.
Copyright (c) 2002-2020 Lattice Semiconductor Corporation,  All rights reserved.
Exiting par with exit code 0
Exiting mpartrce with exit code 0

trce -f "RGBLED_impl1.pt" -o "RGBLED_impl1.twr" "RGBLED_impl1.ncd" "RGBLED_impl1.prf"
trce:  version Diamond (64-bit) 3.12.0.240.2

Copyright (c) 1991-1994 by NeoCAD Inc. All rights reserved.
Copyright (c) 1995 AT&T Corp.   All rights reserved.
Copyright (c) 1995-2001 Lucent Technologies Inc.  All rights reserved.
Copyright (c) 2001 Agere Systems   All rights reserved.
Copyright (c) 2002-2020 Lattice Semiconductor Corporation,  All rights reserved.

Loading design for application trce from file rgbled_impl1.ncd.
Design name: RGBLED
NCD version: 3.3
Vendor:      LATTICE
Device:      LCMXO2-4000HC
Package:     CSBGA132
Performance: 4
Loading device for application trce from file 'xo2c4000.nph' in environment: D:/lscc/diamond/3.12/ispfpga.
Package Status:                     Final          Version 1.44.
Performance Hardware Data Status:   Final          Version 34.4.
Setup and Hold Report

--------------------------------------------------------------------------------
Lattice TRACE Report - Setup, Version Diamond (64-bit) 3.12.0.240.2
Wed Oct 19 21:03:23 2022

Copyright (c) 1991-1994 by NeoCAD Inc. All rights reserved.
Copyright (c) 1995 AT&T Corp.   All rights reserved.
Copyright (c) 1995-2001 Lucent Technologies Inc.  All rights reserved.
Copyright (c) 2001 Agere Systems   All rights reserved.
Copyright (c) 2002-2020 Lattice Semiconductor Corporation,  All rights reserved.

Report Information
------------------
Command line:    trce -v 10 -gt -sethld -sp 4 -sphld m -o RGBLED_impl1.twr -gui RGBLED_impl1.ncd RGBLED_impl1.prf 
Design file:     rgbled_impl1.ncd
Preference file: rgbled_impl1.prf
Device,speed:    LCMXO2-4000HC,4
Report level:    verbose report, limited to 10 items per preference
--------------------------------------------------------------------------------

BLOCK ASYNCPATHS
BLOCK RESETPATHS
--------------------------------------------------------------------------------



Timing summary (Setup):
---------------

Timing errors: 0  Score: 0
Cumulative negative slack: 0

Constraints cover 3 paths, 3 nets, and 3 connections (100.00% coverage)

--------------------------------------------------------------------------------

Total CPU Time: 0 secs 
Total REAL Time: 0 secs 
Peak Memory Usage: 55 MB


iotiming  "RGBLED_impl1.ncd" "RGBLED_impl1.prf"
I/O Timing Report:
:  version Diamond (64-bit) 3.12.0.240.2

Copyright (c) 1991-1994 by NeoCAD Inc. All rights reserved.
Copyright (c) 1995 AT&T Corp.   All rights reserved.
Copyright (c) 1995-2001 Lucent Technologies Inc.  All rights reserved.
Copyright (c) 2001 Agere Systems   All rights reserved.
Copyright (c) 2002-2020 Lattice Semiconductor Corporation,  All rights reserved.

Loading design for application iotiming from file rgbled_impl1.ncd.
Design name: RGBLED
NCD version: 3.3
Vendor:      LATTICE
Device:      LCMXO2-4000HC
Package:     CSBGA132
Performance: 4
Loading device for application iotiming from file 'xo2c4000.nph' in environment: D:/lscc/diamond/3.12/ispfpga.
Package Status:                     Final          Version 1.44.
Performance Hardware Data Status:   Final          Version 34.4.
Running Performance Grade: 4
Computing Setup Time ...
Computing Max Clock to Output Delay ...
Computing Hold Time ...
Computing Min Clock to Output Delay ...

Loading design for application iotiming from file rgbled_impl1.ncd.
Design name: RGBLED
NCD version: 3.3
Vendor:      LATTICE
Device:      LCMXO2-4000HC
Package:     CSBGA132
Performance: 5
Package Status:                     Final          Version 1.44.
Performance Hardware Data Status:   Final          Version 34.4.
Running Performance Grade: 5
Computing Setup Time ...
Computing Max Clock to Output Delay ...
Computing Hold Time ...
Computing Min Clock to Output Delay ...

Loading design for application iotiming from file rgbled_impl1.ncd.
Design name: RGBLED
NCD version: 3.3
Vendor:      LATTICE
Device:      LCMXO2-4000HC
Package:     CSBGA132
Performance: 6
Package Status:                     Final          Version 1.44.
Performance Hardware Data Status:   Final          Version 34.4.
Running Performance Grade: 6
Computing Setup Time ...
Computing Max Clock to Output Delay ...
Computing Hold Time ...
Computing Min Clock to Output Delay ...

Loading design for application iotiming from file rgbled_impl1.ncd.
Design name: RGBLED
NCD version: 3.3
Vendor:      LATTICE
Device:      LCMXO2-4000HC
Package:     CSBGA132
Performance: M
Package Status:                     Final          Version 1.44.
Performance Hardware Data Status:   Final          Version 34.4.
Running Performance Grade: M
Computing Setup Time ...
Computing Max Clock to Output Delay ...
Computing Hold Time ...
Computing Min Clock to Output Delay ...
Done.

ibisgen "RGBLED_impl1.pad" "D:/lscc/diamond/3.12/cae_library/ibis/machxo2.ibs"   
IBIS Models Generator: Lattice Diamond (64-bit) 3.12.0.240.2

Wed Oct 19 21:03:24 2022

Comp: led[0]
 Site: M2
 Type: OUT
 IO_TYPE=LVCMOS25 
 DRIVE=8mA 
 PULL=DOWN 
 SLEW=SLOW 
-----------------------
Comp: led[1]
 Site: N2
 Type: OUT
 IO_TYPE=LVCMOS25 
 DRIVE=8mA 
 PULL=DOWN 
 SLEW=SLOW 
-----------------------
Comp: led[2]
 Site: P2
 Type: OUT
 IO_TYPE=LVCMOS25 
 DRIVE=8mA 
 PULL=DOWN 
 SLEW=SLOW 
-----------------------
Comp: sw[0]
 Site: M7
 Type: IN
 IO_TYPE=LVCMOS25 
 PULL=DOWN 
 CLAMP=ON 
 HYSTERESIS=SMALL 
-----------------------
Comp: sw[1]
 Site: M8
 Type: IN
 IO_TYPE=LVCMOS25 
 PULL=DOWN 
 CLAMP=ON 
 HYSTERESIS=SMALL 
-----------------------
Comp: sw[2]
 Site: M9
 Type: IN
 IO_TYPE=LVCMOS25 
 PULL=DOWN 
 CLAMP=ON 
 HYSTERESIS=SMALL 
-----------------------
Created design models.


Generating: E:\lattice_fpga\RGBLED\impl1\IBIS\RGBLED_impl1.ibs


    <postMsg mid="1191031" type="Info"    dynamic="0" navigation="0"  />

ldbanno "RGBLED_impl1.ncd" -n Verilog  -o "RGBLED_impl1_vo.vo"         -w -neg
ldbanno: version Diamond (64-bit) 3.12.0.240.2
Copyright (c) 1991-1994 by NeoCAD Inc. All rights reserved.
Copyright (c) 1995 AT&T Corp.   All rights reserved.
Copyright (c) 1995-2001 Lucent Technologies Inc.  All rights reserved.
Copyright (c) 2001 Agere Systems   All rights reserved.
Copyright (c) 2002-2020 Lattice Semiconductor Corporation,  All rights reserved.

Writing a Verilog netlist using the orca library type based on the RGBLED_impl1 design file.


Loading design for application ldbanno from file RGBLED_impl1.ncd.
Design name: RGBLED
NCD version: 3.3
Vendor:      LATTICE
Device:      LCMXO2-4000HC
Package:     CSBGA132
Performance: 4
Loading device for application ldbanno from file 'xo2c4000.nph' in environment: D:/lscc/diamond/3.12/ispfpga.
Package Status:                     Final          Version 1.44.
Performance Hardware Data Status:   Final          Version 34.4.
Converting design RGBLED_impl1.ncd into .ldb format.
Loading preferences from rgbled_impl1.prf.
Writing Verilog netlist to file RGBLED_impl1_vo.vo
Writing SDF timing to file RGBLED_impl1_vo.sdf
    <postMsg mid="35400250" type="Info"    dynamic="1" navigation="0" arg0="0"  />
Total CPU Time: 0 secs 
Total REAL Time: 0 secs 
Peak Memory Usage: 50 MB

ldbanno "RGBLED_impl1.ncd" -n VHDL -o "RGBLED_impl1_vho.vho"         -w -neg 
ldbanno: version Diamond (64-bit) 3.12.0.240.2
Copyright (c) 1991-1994 by NeoCAD Inc. All rights reserved.
Copyright (c) 1995 AT&T Corp.   All rights reserved.
Copyright (c) 1995-2001 Lucent Technologies Inc.  All rights reserved.
Copyright (c) 2001 Agere Systems   All rights reserved.
Copyright (c) 2002-2020 Lattice Semiconductor Corporation,  All rights reserved.

Writing a VHDL netlist using the orca library type based on the RGBLED_impl1 design file.


Loading design for application ldbanno from file RGBLED_impl1.ncd.
Design name: RGBLED
NCD version: 3.3
Vendor:      LATTICE
Device:      LCMXO2-4000HC
Package:     CSBGA132
Performance: 4
Loading device for application ldbanno from file 'xo2c4000.nph' in environment: D:/lscc/diamond/3.12/ispfpga.
Package Status:                     Final          Version 1.44.
Performance Hardware Data Status:   Final          Version 34.4.
Converting design RGBLED_impl1.ncd into .ldb format.
Loading preferences from rgbled_impl1.prf.
Writing VHDL netlist to file RGBLED_impl1_vho.vho
Writing SDF timing to file RGBLED_impl1_vho.sdf
    <postMsg mid="35400250" type="Info"    dynamic="1" navigation="0" arg0="0"  />
Total CPU Time: 0 secs 
Total REAL Time: 0 secs 
Peak Memory Usage: 50 MB

tmcheck -par "RGBLED_impl1.par" 

bitgen -f "RGBLED_impl1.t2b" -w "RGBLED_impl1.ncd"  "RGBLED_impl1.prf"


BITGEN: Bitstream Generator Diamond (64-bit) 3.12.0.240.2
Copyright (c) 1991-1994 by NeoCAD Inc. All rights reserved.
Copyright (c) 1995 AT&T Corp.   All rights reserved.
Copyright (c) 1995-2001 Lucent Technologies Inc.  All rights reserved.
Copyright (c) 2001 Agere Systems   All rights reserved.
Copyright (c) 2002-2020 Lattice Semiconductor Corporation,  All rights reserved.


Loading design for application Bitgen from file RGBLED_impl1.ncd.
Design name: RGBLED
NCD version: 3.3
Vendor:      LATTICE
Device:      LCMXO2-4000HC
Package:     CSBGA132
Performance: 4
Loading device for application Bitgen from file 'xo2c4000.nph' in environment: D:/lscc/diamond/3.12/ispfpga.
Package Status:                     Final          Version 1.44.
Performance Hardware Data Status:   Final          Version 34.4.

Running DRC.
DRC detected 0 errors and 0 warnings.
Reading Preference File from RGBLED_impl1.prf.

Preference Summary:
+---------------------------------+---------------------------------+
|  Preference                     |  Current Setting                |
+---------------------------------+---------------------------------+
|                         RamCfg  |                        Reset**  |
+---------------------------------+---------------------------------+
|                     MCCLK_FREQ  |                         2.08**  |
+---------------------------------+---------------------------------+
|                  CONFIG_SECURE  |                          OFF**  |
+---------------------------------+---------------------------------+
|                          INBUF  |                           ON**  |
+---------------------------------+---------------------------------+
|                      JTAG_PORT  |                       ENABLE**  |
+---------------------------------+---------------------------------+
|                       SDM_PORT  |                      DISABLE**  |
+---------------------------------+---------------------------------+
|                 SLAVE_SPI_PORT  |                      DISABLE**  |
+---------------------------------+---------------------------------+
|                MASTER_SPI_PORT  |                      DISABLE**  |
+---------------------------------+---------------------------------+
|                       I2C_PORT  |                      DISABLE**  |
+---------------------------------+---------------------------------+
|        MUX_CONFIGURATION_PORTS  |                      DISABLE**  |
+---------------------------------+---------------------------------+
|                  CONFIGURATION  |                          CFG**  |
+---------------------------------+---------------------------------+
|                COMPRESS_CONFIG  |                           ON**  |
+---------------------------------+---------------------------------+
|                        MY_ASSP  |                          OFF**  |
+---------------------------------+---------------------------------+
|               ONE_TIME_PROGRAM  |                          OFF**  |
+---------------------------------+---------------------------------+
|                 ENABLE_TRANSFR  |                      DISABLE**  |
+---------------------------------+---------------------------------+
|                  SHAREDEBRINIT  |                      DISABLE**  |
+---------------------------------+---------------------------------+
|            BACKGROUND_RECONFIG  |                          OFF**  |
+---------------------------------+---------------------------------+
 *  Default setting.
 ** The specified setting matches the default setting.


Creating bit map...
 
Bitstream Status: Final           Version 1.95.
 
Saving bit stream in "RGBLED_impl1.bit".
Total CPU Time: 1 secs 
Total REAL Time: 2 secs 
Peak Memory Usage: 273 MB

tmcheck -par "RGBLED_impl1.par" 

bitgen -f "RGBLED_impl1.t2b" -w "RGBLED_impl1.ncd"  -jedec "RGBLED_impl1.prf"


BITGEN: Bitstream Generator Diamond (64-bit) 3.12.0.240.2
Copyright (c) 1991-1994 by NeoCAD Inc. All rights reserved.
Copyright (c) 1995 AT&T Corp.   All rights reserved.
Copyright (c) 1995-2001 Lucent Technologies Inc.  All rights reserved.
Copyright (c) 2001 Agere Systems   All rights reserved.
Copyright (c) 2002-2020 Lattice Semiconductor Corporation,  All rights reserved.


Loading design for application Bitgen from file RGBLED_impl1.ncd.
Design name: RGBLED
NCD version: 3.3
Vendor:      LATTICE
Device:      LCMXO2-4000HC
Package:     CSBGA132
Performance: 4
Loading device for application Bitgen from file 'xo2c4000.nph' in environment: D:/lscc/diamond/3.12/ispfpga.
Package Status:                     Final          Version 1.44.
Performance Hardware Data Status:   Final          Version 34.4.

Running DRC.
DRC detected 0 errors and 0 warnings.
Reading Preference File from RGBLED_impl1.prf.

Preference Summary:
+---------------------------------+---------------------------------+
|  Preference                     |  Current Setting                |
+---------------------------------+---------------------------------+
|                         RamCfg  |                        Reset**  |
+---------------------------------+---------------------------------+
|                     MCCLK_FREQ  |                         2.08**  |
+---------------------------------+---------------------------------+
|                  CONFIG_SECURE  |                          OFF**  |
+---------------------------------+---------------------------------+
|                          INBUF  |                           ON**  |
+---------------------------------+---------------------------------+
|                      JTAG_PORT  |                       ENABLE**  |
+---------------------------------+---------------------------------+
|                       SDM_PORT  |                      DISABLE**  |
+---------------------------------+---------------------------------+
|                 SLAVE_SPI_PORT  |                      DISABLE**  |
+---------------------------------+---------------------------------+
|                MASTER_SPI_PORT  |                      DISABLE**  |
+---------------------------------+---------------------------------+
|                       I2C_PORT  |                      DISABLE**  |
+---------------------------------+---------------------------------+
|        MUX_CONFIGURATION_PORTS  |                      DISABLE**  |
+---------------------------------+---------------------------------+
|                  CONFIGURATION  |                          CFG**  |
+---------------------------------+---------------------------------+
|                COMPRESS_CONFIG  |                           ON**  |
+---------------------------------+---------------------------------+
|                        MY_ASSP  |                          OFF**  |
+---------------------------------+---------------------------------+
|               ONE_TIME_PROGRAM  |                          OFF**  |
+---------------------------------+---------------------------------+
|                 ENABLE_TRANSFR  |                      DISABLE**  |
+---------------------------------+---------------------------------+
|                  SHAREDEBRINIT  |                      DISABLE**  |
+---------------------------------+---------------------------------+
|            BACKGROUND_RECONFIG  |                          OFF**  |
+---------------------------------+---------------------------------+
 *  Default setting.
 ** The specified setting matches the default setting.


Creating bit map...
 
Bitstream Status: Final           Version 1.95.
 
Saving bit stream in "RGBLED_impl1.jed".
 
===========
UFM Summary.
===========
UFM Size:        767 Pages (128*767 Bits).
UFM Utilization: General Purpose Flash Memory.
 
Available General Purpose Flash Memory:  767 Pages (Page 0 to Page 766).
Initialized UFM Pages:                     0 Page.
 
Total CPU Time: 1 secs 
Total REAL Time: 2 secs 
Peak Memory Usage: 273 MB
