synthesis:  version Diamond (64-bit) 3.12.0.240.2

Copyright (c) 1991-1994 by NeoCAD Inc. All rights reserved.
Copyright (c) 1995 AT&T Corp.   All rights reserved.
Copyright (c) 1995-2001 Lucent Technologies Inc.  All rights reserved.
Copyright (c) 2001 Agere Systems   All rights reserved.
Copyright (c) 2002-2020 Lattice Semiconductor Corporation,  All rights reserved.
Wed Oct 19 21:16:28 2022


Command Line:  synthesis -f Decode38_impl1_lattice.synproj -gui 

Synthesis options:
The -a option is MachXO2.
The -s option is 4.
The -t option is CSBGA132.
The -d option is LCMXO2-4000HC.
Using package CSBGA132.
Using performance grade 4.
                                                          

##########################################################

### Lattice Family : MachXO2

### Device  : LCMXO2-4000HC

### Package : CSBGA132

### Speed   : 4

##########################################################

                                                          

INFO - synthesis: User-Selected Strategy Settings
Optimization goal = Balanced
Top-level module name = Decode38.
Target frequency = 200.000000 MHz.
Maximum fanout = 1000.
Timing path count = 3
BRAM utilization = 100.000000 %
DSP usage = true
DSP utilization = 100.000000 %
fsm_encoding_style = auto
resolve_mixed_drivers = 0
fix_gated_clocks = 1

Mux style = Auto
Use Carry Chain = true
carry_chain_length = 0
Loop Limit = 1950.
Use IO Insertion = TRUE
Use IO Reg = AUTO

Resource Sharing = TRUE
Propagate Constants = TRUE
Remove Duplicate Registers = TRUE
force_gsr = auto
ROM style = auto
RAM style = auto
The -comp option is FALSE.
The -syn option is FALSE.
-p E:/lattice_fpga/Decode38 (searchpath added)
-p D:/lscc/diamond/3.12/ispfpga/xo2c00/data (searchpath added)
-p E:/lattice_fpga/Decode38/impl1 (searchpath added)
-p E:/lattice_fpga/Decode38 (searchpath added)
Verilog design file = E:/lattice_fpga/Decode38/Decode38.v
NGD file = Decode38_impl1.ngd
-sdc option: SDC file input not used.
-lpf option: Output file option is ON.
Hardtimer checking is enabled (default). The -dt option is not used.
The -r option is OFF. [ Remove LOC Properties is OFF. ]
Technology check ok...

Analyzing Verilog file D:/lscc/diamond/3.12/ispfpga/userware/NT/SYNTHESIS_HEADERS/machxo2.v. VERI-1482
Compile design.
Compile Design Begin
Analyzing Verilog file e:/lattice_fpga/decode38/decode38.v. VERI-1482
Analyzing Verilog file D:/lscc/diamond/3.12/ispfpga/userware/NT/SYNTHESIS_HEADERS/machxo2.v. VERI-1482
Top module name (Verilog): Decode38
INFO - synthesis: e:/lattice_fpga/decode38/decode38.v(1): compiling module Decode38. VERI-1018
Loading NGL library 'D:/lscc/diamond/3.12/ispfpga/xo2c00a/data/xo2alib.ngl'...
Loading NGL library 'D:/lscc/diamond/3.12/ispfpga/xo2c00/data/xo2clib.ngl'...
Loading NGL library 'D:/lscc/diamond/3.12/ispfpga/mg5g00/data/mg5glib.ngl'...
Loading NGL library 'D:/lscc/diamond/3.12/ispfpga/or5g00/data/orc5glib.ngl'...
Loading device for application map from file 'xo2c4000.nph' in environment: D:/lscc/diamond/3.12/ispfpga.
Package Status:                     Final          Version 1.44.
Top-level module name = Decode38.



GSR will not be inferred because no asynchronous signal was found in the netlist.
Applying 200.000000 MHz constraint to all clocks

WARNING - synthesis: No user .sdc file.
Results of NGD DRC are available in Decode38_drc.log.
Loading NGL library 'D:/lscc/diamond/3.12/ispfpga/xo2c00a/data/xo2alib.ngl'...
Loading NGL library 'D:/lscc/diamond/3.12/ispfpga/xo2c00/data/xo2clib.ngl'...
Loading NGL library 'D:/lscc/diamond/3.12/ispfpga/mg5g00/data/mg5glib.ngl'...
Loading NGL library 'D:/lscc/diamond/3.12/ispfpga/or5g00/data/orc5glib.ngl'...
WARNING - synthesis: logical net 'GND_net' has no load.
WARNING - synthesis: DRC complete with 1 warnings.
All blocks are expanded and NGD expansion is successful.
Writing NGD file Decode38_impl1.ngd.

################### Begin Area Report (Decode38)######################
Number of register bits => 0 of 4635 (0 % )
GSR => 1
IB => 3
LUT4 => 8
OB => 8
################### End Area Report ##################

################### Begin BlackBox Report ######################
TSALL => 1
################### End BlackBox Report ##################

################### Begin Clock Report ######################
Clock Nets
Number of Clocks: 0
Clock Enable Nets
Number of Clock Enables: 0
Top 0 highest fanout Clock Enables:
Highest fanout non-clock nets
Top 10 highest fanout non-clock nets:
  Net : sw_c_2, loads : 8
  Net : sw_c_1, loads : 8
  Net : sw_c_0, loads : 8
  Net : led_c_7, loads : 1
  Net : led_c_6, loads : 1
  Net : led_c_5, loads : 1
  Net : led_c_4, loads : 1
  Net : led_c_3, loads : 1
  Net : led_c_2, loads : 1
  Net : led_c_1, loads : 1
################### End Clock Report ##################

Peak Memory Usage: 55.383  MB

--------------------------------------------------------------
Elapsed CPU time for LSE flow : 0.219  secs
--------------------------------------------------------------
